#
# There is insufficient memory for the Java Runtime Environment to continue.
# Native memory allocation (malloc) failed to allocate 1048576 bytes for AllocateHeap
# Possible reasons:
#   The system is out of physical RAM or swap space
#   The process is running with CompressedOops enabled, and the Java Heap may be blocking the growth of the native heap
# Possible solutions:
#   Reduce memory load on the system
#   Increase physical memory or swap space
#   Check if swap backing store is full
#   Decrease Java heap size (-Xmx/-Xms)
#   Decrease number of Java threads
#   Decrease Java thread stack sizes (-Xss)
#   Set larger code cache with -XX:ReservedCodeCacheSize=
# This output file may be truncated or incomplete.
#
#  Out of Memory Error (./src/hotspot/share/memory/allocation.cpp:46), pid=4136, tid=4348
#
# JRE version:  (11.0.11+9) (build )
# Java VM: OpenJDK 64-Bit Server VM (11.0.11+9-b60-7590822, mixed mode, sharing, tiered, compressed oops, g1 gc, windows-amd64)
# No core dump will be written. Minidumps are not enabled by default on client versions of Windows
#

---------------  S U M M A R Y ------------

Command Line: org.jetbrains.kotlin.cli.jvm.K2JVMCompiler @C:\Users\User\AndroidStudioProjects\Newstagram\app\build\20220315_13785785791068052930.compiler.options

Host: Intel(R) Core(TM) i5-2410M CPU @ 2.30GHz, 4 cores, 7G,  Windows 10 , 64 bit Build 19041 (10.0.19041.1503)
Time: Tue Mar 15 20:10:52 2022 Западная Азия (зима) elapsed time: 0.039190 seconds (0d 0h 0m 0s)

---------------  T H R E A D  ---------------

Current thread (0x0000017067538800):  JavaThread "Unknown thread" [_thread_in_vm, id=4348, stack(0x0000001749e00000,0x0000001749f00000)]

Stack: [0x0000001749e00000,0x0000001749f00000]
Native frames: (J=compiled Java code, j=interpreted, Vv=VM code, C=native code)
V  [jvm.dll+0x5f214a]
V  [jvm.dll+0x726fb5]
V  [jvm.dll+0x7285cd]
V  [jvm.dll+0x728c83]
V  [jvm.dll+0x243278]
V  [jvm.dll+0xb3a34]
V  [jvm.dll+0x2e1607]
V  [jvm.dll+0x2da7fa]
V  [jvm.dll+0x705ba7]
V  [jvm.dll+0x70739c]
V  [jvm.dll+0x3598f9]
V  [jvm.dll+0x6e931e]
V  [jvm.dll+0x3c1c43]
V  [jvm.dll+0x3c3e81]
C  [jli.dll+0x5373]
C  [ucrtbase.dll+0x21bb2]
C  [KERNEL32.DLL+0x17034]
C  [ntdll.dll+0x52651]


---------------  P R O C E S S  ---------------

Threads class SMR info:
_java_thread_list=0x0000017065c79070, length=0, elements={
}

Java Threads: ( => current thread )

Other Threads:
  0x0000017067552000 GCTaskThread "GC Thread#0" [stack: 0x0000001749f00000,0x000000174a000000] [id=8328]

[error occurred during error reporting (printing all threads), id 0xc0000005, EXCEPTION_ACCESS_VIOLATION (0xc0000005) at pc=0x00007ffd441e69d0]

VM state:not at safepoint (not fully initialized)

VM Mutex/Monitor currently owned by a thread:  ([mutex/lock_event])
[0x0000017067534970] Heap_lock - owner thread: 0x0000017067538800

Heap address: 0x0000000080400000, size: 2044 MB, Compressed Oops mode: Non-zero based: 0x0000000080400000
Narrow klass base: 0x0000000000000000, Narrow klass shift: 0

GC Heap History (0 events):
No events

Deoptimization events (0 events):
No events

Classes redefined (0 events):
No events

Internal exceptions (0 events):
No events

Events (1 events):
Event: 0.007 Loaded shared library C:\Program Files\Android\Android Studio\jre\bin\zip.dll


Dynamic libraries:
0x00007ff6845e0000 - 0x00007ff6845ea000 	C:\Program Files\Android\Android Studio\jre\bin\java.exe
0x00007ffd786b0000 - 0x00007ffd788a5000 	C:\windows\SYSTEM32\ntdll.dll
0x00007ffd770e0000 - 0x00007ffd7719e000 	C:\windows\System32\KERNEL32.DLL
0x00007ffd76430000 - 0x00007ffd766f8000 	C:\windows\System32\KERNELBASE.dll
0x00007ffd75e10000 - 0x00007ffd75f10000 	C:\windows\System32\ucrtbase.dll
0x00007ffd61f70000 - 0x00007ffd61f89000 	C:\Program Files\Android\Android Studio\jre\bin\jli.dll
0x00007ffd62300000 - 0x00007ffd62317000 	C:\Program Files\Android\Android Studio\jre\bin\VCRUNTIME140.dll
0x00007ffd76d70000 - 0x00007ffd76f10000 	C:\windows\System32\USER32.dll
0x00007ffd75f10000 - 0x00007ffd75f32000 	C:\windows\System32\win32u.dll
0x00007ffd68800000 - 0x00007ffd68a9a000 	C:\windows\WinSxS\amd64_microsoft.windows.common-controls_6595b64144ccf1df_6.0.19041.1110_none_60b5254171f9507e\COMCTL32.dll
0x00007ffd77c60000 - 0x00007ffd77c8b000 	C:\windows\System32\GDI32.dll
0x00007ffd77ec0000 - 0x00007ffd77f5e000 	C:\windows\System32\msvcrt.dll
0x00007ffd76320000 - 0x00007ffd7642d000 	C:\windows\System32\gdi32full.dll
0x00007ffd761c0000 - 0x00007ffd7625d000 	C:\windows\System32\msvcp_win.dll
0x00007ffd78580000 - 0x00007ffd785b0000 	C:\windows\System32\IMM32.DLL
0x00007ffd44bf0000 - 0x00007ffd44c8d000 	C:\Program Files\Android\Android Studio\jre\bin\msvcp140.dll
0x00007ffd43f00000 - 0x00007ffd449d5000 	C:\Program Files\Android\Android Studio\jre\bin\server\jvm.dll
0x00007ffd77bb0000 - 0x00007ffd77c5e000 	C:\windows\System32\ADVAPI32.dll
0x00007ffd77040000 - 0x00007ffd770dc000 	C:\windows\System32\sechost.dll
0x00007ffd76760000 - 0x00007ffd76885000 	C:\windows\System32\RPCRT4.dll
0x00007ffd77f60000 - 0x00007ffd77f68000 	C:\windows\System32\PSAPI.DLL
0x00007ffd6ec50000 - 0x00007ffd6ec5a000 	C:\windows\SYSTEM32\VERSION.dll
0x00007ffd732f0000 - 0x00007ffd732f9000 	C:\windows\SYSTEM32\WSOCK32.dll
0x00007ffd6d640000 - 0x00007ffd6d667000 	C:\windows\SYSTEM32\WINMM.dll
0x00007ffd78090000 - 0x00007ffd780fb000 	C:\windows\System32\WS2_32.dll
0x00007ffd73cb0000 - 0x00007ffd73cc2000 	C:\windows\SYSTEM32\kernel.appcore.dll
0x00007ffd6ef00000 - 0x00007ffd6ef11000 	C:\Program Files\Android\Android Studio\jre\bin\verify.dll
0x00007ffd60c30000 - 0x00007ffd60e14000 	C:\windows\SYSTEM32\DBGHELP.DLL
0x00007ffd60bb0000 - 0x00007ffd60bdc000 	C:\windows\SYSTEM32\dbgcore.DLL
0x00007ffd76290000 - 0x00007ffd76312000 	C:\windows\System32\bcryptPrimitives.dll
0x00007ffd61ea0000 - 0x00007ffd61ec9000 	C:\Program Files\Android\Android Studio\jre\bin\java.dll
0x00007ffd73260000 - 0x00007ffd7326b000 	C:\Program Files\Android\Android Studio\jre\bin\jimage.dll
0x00007ffd6d2e0000 - 0x00007ffd6d2f8000 	C:\Program Files\Android\Android Studio\jre\bin\zip.dll

dbghelp: loaded successfully - version: 4.0.5 - missing functions: none
symbol engine: initialized successfully - sym options: 0x614 - pdb path: .;C:\Program Files\Android\Android Studio\jre\bin;C:\windows\SYSTEM32;C:\windows\WinSxS\amd64_microsoft.windows.common-controls_6595b64144ccf1df_6.0.19041.1110_none_60b5254171f9507e;C:\Program Files\Android\Android Studio\jre\bin\server

VM Arguments:
java_command: org.jetbrains.kotlin.cli.jvm.K2JVMCompiler @C:\Users\User\AndroidStudioProjects\Newstagram\app\build\20220315_13785785791068052930.compiler.options
java_class_path (initial): C:\Users\User\.gradle\caches\modules-2\files-2.1\org.jetbrains.kotlin\kotlin-compiler-embeddable\1.6.10\88f2073f4020cdb83132cfe940ceb9a60aba54ea\kotlin-compiler-embeddable-1.6.10.jar;C:\Users\User\.gradle\caches\modules-2\files-2.1\org.jetbrains.kotlin\kotlin-reflect\1.6.10\1cbe9c92c12a94eea200d23c2bbaedaf3daf5132\kotlin-reflect-1.6.10.jar;C:\Users\User\.gradle\caches\modules-2\files-2.1\org.jetbrains.kotlin\kotlin-stdlib\1.6.10\b8af3fe6f1ca88526914929add63cf5e7c5049af\kotlin-stdlib-1.6.10.jar;C:\Users\User\.gradle\caches\modules-2\files-2.1\org.jetbrains.kotlin\kotlin-script-runtime\1.6.10\d0a7ff2e2500ef497ed0214ae40ad3c8387a6164\kotlin-script-runtime-1.6.10.jar;C:\Users\User\.gradle\caches\modules-2\files-2.1\org.jetbrains.kotlin\kotlin-daemon-embeddable\1.6.10\a56d79bcbea411fa6058e4ecffc2de73e742bd2a\kotlin-daemon-embeddable-1.6.10.jar;C:\Users\User\.gradle\caches\modules-2\files-2.1\org.jetbrains.intellij.deps\trove4j\1.0.20181211\216c2e14b070f334479d800987affe4054cd563f\trove4j-1.0.20181211.jar;C:\Users\User\.gradle\caches\modules-2\files-2.1\net.java.dev.jna\jna\5.6.0\330f2244e9030119ab3030fc3fededc86713d9cc\jna-5.6.0.jar;C:\Users\User\.gradle\caches\modules-2\files-2.1\org.jetbrains\annotations\13.0\919f0dfe192fb4e063e7dacadee7f8bb9a2672a9\annotations-13.0.jar;C:\Users\User\.gradle\caches\modules-2\files-2.1\org.jetbrains.kotlin\kotlin-stdlib-common\1.6.10\c118700e3a33c8a0d9adc920e9dec0831171925\kotlin-stdlib-common-1.6.10.jar
Launcher Type: SUN_STANDARD

[Global flags]
     intx CICompilerCount                          = 3                                         {product} {ergonomic}
     uint ConcGCThreads                            = 1                                         {product} {ergonomic}
     uint G1ConcRefinementThreads                  = 4                                         {product} {ergonomic}
   size_t G1HeapRegionSize                         = 1048576                                   {product} {ergonomic}
    uintx GCDrainStackTargetSize                   = 64                                        {product} {ergonomic}
   size_t InitialHeapSize                          = 134217728                                 {product} {ergonomic}
   size_t MarkStackSize                            = 4194304                                   {product} {ergonomic}
   size_t MaxHeapSize                              = 2143289344                                {product} {ergonomic}
   size_t MinHeapDeltaBytes                        = 1048576                                   {product} {ergonomic}
    uintx NonNMethodCodeHeapSize                   = 5830732                                {pd product} {ergonomic}
    uintx NonProfiledCodeHeapSize                  = 122913754                              {pd product} {ergonomic}
    uintx ProfiledCodeHeapSize                     = 122913754                              {pd product} {ergonomic}
    uintx ReservedCodeCacheSize                    = 251658240                              {pd product} {ergonomic}
     bool SegmentedCodeCache                       = true                                      {product} {ergonomic}
     bool UseCompressedClassPointers               = true                                 {lp64_product} {ergonomic}
     bool UseCompressedOops                        = true                                 {lp64_product} {ergonomic}
     bool UseG1GC                                  = true                                      {product} {ergonomic}
     bool UseLargePagesIndividualAllocation        = false                                  {pd product} {ergonomic}

Logging:
Log output configuration:
 #0: stdout all=warning uptime,level,tags
 #1: stderr all=off uptime,level,tags

Environment Variables:
PATH=C:\Program Files\Common Files\Oracle\Java\javapath;C:\windows\system32;C:\windows;C:\windows\System32\Wbem;C:\windows\System32\WindowsPowerShell\v1.0\;C:\Program Files\Java\jdk-17.0.2;C:\Program Files\Git\cmd;C:\Program Files (x86)\NVIDIA Corporation\PhysX\Common;C:\Users\User\AppData\Local\Microsoft\WindowsApps;;C:\Program Files\JetBrains\IntelliJ IDEA Community Edition 2021.3.2\bin;
USERNAME=User
OS=Windows_NT
PROCESSOR_IDENTIFIER=Intel64 Family 6 Model 42 Stepping 7, GenuineIntel



---------------  S Y S T E M  ---------------

OS: Windows 10 , 64 bit Build 19041 (10.0.19041.1503)
OS uptime: 0 days 9:28 hours

CPU:total 4 (initial active 4) (2 cores per cpu, 2 threads per core) family 6 model 42 stepping 7 microcode 0x2f, cmov, cx8, fxsr, mmx, sse, sse2, sse3, ssse3, sse4.1, sse4.2, popcnt, avx, aes, clmul, ht, tsc, tscinvbit

Memory: 4k page, system-wide physical 8172M (496M free)
TotalPageFile size 9196M (AvailPageFile size 6M)
current process WorkingSet (physical memory assigned to process): 9M, peak: 9M
current process commit charge ("private bytes"): 47M, peak: 48M

vm_info: OpenJDK 64-Bit Server VM (11.0.11+9-b60-7590822) for windows-amd64 JRE (11.0.11+9-b60-7590822), built on Jul 29 2021 21:43:44 by "builder" with MS VC++ 14.0 (VS2015)

END.
